Determining if the pthread_create exist failed with the following output:
Change Dir: /home/holo/Downloads/path_planner/build/CMakeFiles/CMakeTmp

Run Build Command(s):/usr/bin/make cmTC_5d1b3/fast 
/usr/bin/make -f CMakeFiles/cmTC_5d1b3.dir/build.make CMakeFiles/cmTC_5d1b3.dir/build
make[1]: Entering directory '/home/holo/Downloads/path_planner/build/CMakeFiles/CMakeTmp'
Building C object CMakeFiles/cmTC_5d1b3.dir/CheckSymbolExists.c.o
/usr/bin/cc    -o CMakeFiles/cmTC_5d1b3.dir/CheckSymbolExists.c.o   -c /home/holo/Downloads/path_planner/build/CMakeFiles/CMakeTmp/CheckSymbolExists.c
Linking C executable cmTC_5d1b3
/home/holo/holo_builder/holo_builder/output/bin/cmake -E cmake_link_script CMakeFiles/cmTC_5d1b3.dir/link.txt --verbose=1
/usr/bin/cc      -rdynamic CMakeFiles/cmTC_5d1b3.dir/CheckSymbolExists.c.o  -o cmTC_5d1b3 
CMakeFiles/cmTC_5d1b3.dir/CheckSymbolExists.c.o: In function `main':
CheckSymbolExists.c:(.text+0x1b): undefined reference to `pthread_create'
collect2: error: ld returned 1 exit status
CMakeFiles/cmTC_5d1b3.dir/build.make:86: recipe for target 'cmTC_5d1b3' failed
make[1]: *** [cmTC_5d1b3] Error 1
make[1]: Leaving directory '/home/holo/Downloads/path_planner/build/CMakeFiles/CMakeTmp'
Makefile:121: recipe for target 'cmTC_5d1b3/fast' failed
make: *** [cmTC_5d1b3/fast] Error 2

File /home/holo/Downloads/path_planner/build/CMakeFiles/CMakeTmp/CheckSymbolExists.c:
/* */
#include <pthread.h>

int main(int argc, char** argv)
{
  (void)argv;
#ifndef pthread_create
  return ((int*)(&pthread_create))[argc];
#else
  (void)argc;
  return 0;
#endif
}

Determining if the function pthread_create exists in the pthreads failed with the following output:
Change Dir: /home/holo/Downloads/path_planner/build/CMakeFiles/CMakeTmp

Run Build Command(s):/usr/bin/make cmTC_e9a64/fast 
/usr/bin/make -f CMakeFiles/cmTC_e9a64.dir/build.make CMakeFiles/cmTC_e9a64.dir/build
make[1]: Entering directory '/home/holo/Downloads/path_planner/build/CMakeFiles/CMakeTmp'
Building C object CMakeFiles/cmTC_e9a64.dir/CheckFunctionExists.c.o
/usr/bin/cc   -DCHECK_FUNCTION_EXISTS=pthread_create   -o CMakeFiles/cmTC_e9a64.dir/CheckFunctionExists.c.o   -c /home/holo/holo_builder/holo_builder/output/share/cmake-3.14/Modules/CheckFunctionExists.c
Linking C executable cmTC_e9a64
/home/holo/holo_builder/holo_builder/output/bin/cmake -E cmake_link_script CMakeFiles/cmTC_e9a64.dir/link.txt --verbose=1
/usr/bin/cc  -DCHECK_FUNCTION_EXISTS=pthread_create    -rdynamic CMakeFiles/cmTC_e9a64.dir/CheckFunctionExists.c.o  -o cmTC_e9a64 -lpthreads 
/usr/bin/ld: cannot find -lpthreads
collect2: error: ld returned 1 exit status
CMakeFiles/cmTC_e9a64.dir/build.make:86: recipe for target 'cmTC_e9a64' failed
make[1]: *** [cmTC_e9a64] Error 1
make[1]: Leaving directory '/home/holo/Downloads/path_planner/build/CMakeFiles/CMakeTmp'
Makefile:121: recipe for target 'cmTC_e9a64/fast' failed
make: *** [cmTC_e9a64/fast] Error 2


